TN:
SF:src\geo.js
FN:1,getCurrentCity
FNF:1
FNH:1
FNDA:1,getCurrentCity
DA:1,1
DA:2,1
DA:3,1
DA:4,1
DA:5,1
DA:6,1
DA:7,1
DA:8,1
DA:9,1
DA:10,0
DA:11,0
DA:12,0
DA:13,0
DA:14,1
DA:15,1
DA:16,1
LF:16
LH:12
BRDA:1,0,0,1
BRDA:9,1,0,0
BRF:2
BRH:1
end_of_record
TN:
SF:src\openweather.js
FN:3,getCurrentWeather
FN:22,getCityCoords
FNF:2
FNH:2
FNDA:1,getCurrentWeather
FNDA:1,getCityCoords
DA:1,1
DA:2,1
DA:3,1
DA:4,1
DA:5,1
DA:6,1
DA:7,1
DA:8,1
DA:9,1
DA:10,1
DA:11,1
DA:12,1
DA:13,1
DA:14,1
DA:15,1
DA:16,0
DA:17,0
DA:18,0
DA:19,0
DA:20,1
DA:21,1
DA:22,1
DA:23,1
DA:24,1
DA:25,1
DA:26,1
DA:27,1
DA:28,1
DA:29,1
DA:30,0
DA:31,0
DA:32,0
DA:33,0
DA:34,1
DA:35,1
DA:36,1
LF:36
LH:28
BRDA:3,0,0,1
BRDA:15,1,0,0
BRDA:22,2,0,1
BRDA:29,3,0,0
BRF:4
BRH:2
end_of_record
TN:
SF:src\storage.js
FN:1,saveToList
FN:5,loadList
FNF:2
FNH:2
FNDA:1,saveToList
FNDA:1,loadList
DA:1,1
DA:2,1
DA:3,1
DA:4,1
DA:5,1
DA:6,1
DA:7,1
DA:8,1
DA:9,1
DA:10,2
DA:11,2
DA:12,1
DA:13,1
DA:14,1
DA:15,1
DA:16,1
LF:16
LH:16
BRDA:1,0,0,1
BRDA:5,1,0,1
BRDA:9,2,0,2
BRF:3
BRH:3
end_of_record
